<?xml version="1.0" encoding="UTF-8"?>
<!-- Generated by org.testng.reporters.JUnitReportReporter -->
<testsuite skipped="0" hostname="OF011DT3NSMD6NI" name="com.seleniumframework.testcases.LoginTestCRM" tests="1" failures="0" timestamp="18 Jul 2021 14:05:59 GMT" time="4.429" errors="0">
  <testcase name="loginApp" time="4.429" classname="com.seleniumframework.testcases.LoginTestCRM"/>
</testsuite> <!-- com.seleniumframework.testcases.LoginTestCRM -->
